<?xml version="1.0" encoding="UTF-8"?>
<robot generator="Robot 4.0.3 (Python 3.9.5 on win32)" generated="20210608 07:46:23.221" rpa="false" schemaversion="2">
<suite id="s1" name="Create Student Form" source="C:\Projetos\MF\MagniFinanceApp\MagniFinance.E2ETest\create_student_form.robot">
<test id="s1-t1" name="Scenario 1">
<kw name="Given User is in Crate form page" library="resource">
<kw name="Open Browser" library="SeleniumLibrary">
<arg>${ADD_STUDENT_FORM_URL}</arg>
<arg>${BROWSER}</arg>
<doc>Opens a new browser instance to the optional ``url``.</doc>
<msg timestamp="20210608 07:46:23.462" level="INFO">Opening browser 'googlechrome' to base url 'https://localhost:44384/student/form'.</msg>
<status status="PASS" starttime="20210608 07:46:23.462" endtime="20210608 07:46:24.876"/>
</kw>
<kw name="Maximize Browser Window" library="SeleniumLibrary">
<doc>Maximizes current browser window.</doc>
<status status="PASS" starttime="20210608 07:46:24.876" endtime="20210608 07:46:24.991"/>
</kw>
<kw name="Create Form should be ready" library="resource">
<kw name="Element Should Contain" library="SeleniumLibrary">
<arg>tag:h1</arg>
<arg>Student</arg>
<doc>Verifies that element ``locator`` contains text ``expected``.</doc>
<msg timestamp="20210608 07:46:25.010" level="INFO">Element 'tag:h1' contains text 'Student'.</msg>
<status status="PASS" starttime="20210608 07:46:24.991" endtime="20210608 07:46:25.010"/>
</kw>
<status status="PASS" starttime="20210608 07:46:24.991" endtime="20210608 07:46:25.010"/>
</kw>
<status status="PASS" starttime="20210608 07:46:23.462" endtime="20210608 07:46:25.010"/>
</kw>
<kw name="When User fill the field &quot;name&quot; with &quot;Jose&quot;" library="resource" sourcename="User fill the field &quot;${field_name}&quot; with &quot;${field_value}&quot;">
<kw name="Input Text" library="SeleniumLibrary">
<arg>${field_name}</arg>
<arg>${field_value}</arg>
<doc>Types the given ``text`` into the text field identified by ``locator``.</doc>
<msg timestamp="20210608 07:46:25.012" level="INFO">Typing text 'Jose' into text field 'name'.</msg>
<status status="PASS" starttime="20210608 07:46:25.011" endtime="20210608 07:46:25.075"/>
</kw>
<status status="PASS" starttime="20210608 07:46:25.011" endtime="20210608 07:46:25.075"/>
</kw>
<kw name="And User fill the field &quot;registrationnumber&quot; with &quot;123&quot;" library="resource" sourcename="User fill the field &quot;${field_name}&quot; with &quot;${field_value}&quot;">
<kw name="Input Text" library="SeleniumLibrary">
<arg>${field_name}</arg>
<arg>${field_value}</arg>
<doc>Types the given ``text`` into the text field identified by ``locator``.</doc>
<msg timestamp="20210608 07:46:25.076" level="INFO">Typing text '123' into text field 'registrationnumber'.</msg>
<status status="PASS" starttime="20210608 07:46:25.076" endtime="20210608 07:46:25.131"/>
</kw>
<status status="PASS" starttime="20210608 07:46:25.076" endtime="20210608 07:46:25.132"/>
</kw>
<kw name="And User fill the field &quot;birthday&quot; with &quot;10/10/1992&quot;" library="resource" sourcename="User fill the field &quot;${field_name}&quot; with &quot;${field_value}&quot;">
<kw name="Input Text" library="SeleniumLibrary">
<arg>${field_name}</arg>
<arg>${field_value}</arg>
<doc>Types the given ``text`` into the text field identified by ``locator``.</doc>
<msg timestamp="20210608 07:46:25.132" level="INFO">Typing text '10/10/1992' into text field 'birthday'.</msg>
<status status="PASS" starttime="20210608 07:46:25.132" endtime="20210608 07:46:25.189"/>
</kw>
<status status="PASS" starttime="20210608 07:46:25.132" endtime="20210608 07:46:25.189"/>
</kw>
<kw name="And User click in Save" library="resource">
<kw name="Click Button" library="SeleniumLibrary">
<arg>Save</arg>
<doc>Clicks the button identified by ``locator``.</doc>
<msg timestamp="20210608 07:46:25.190" level="INFO">Clicking button 'Save'.</msg>
<status status="PASS" starttime="20210608 07:46:25.190" endtime="20210608 07:46:25.226"/>
</kw>
<status status="PASS" starttime="20210608 07:46:25.190" endtime="20210608 07:46:25.226"/>
</kw>
<kw name="Then App should redirect to list page" library="resource">
<kw name="Handle Alert" library="SeleniumLibrary">
<var>${message}</var>
<doc>Handles the current alert and returns its message.</doc>
<msg timestamp="20210608 07:46:25.227" level="INFO">HANDLE::&lt;class 'NoneType'&gt;::None</msg>
<msg timestamp="20210608 07:46:25.747" level="INFO">${message} = Success!</msg>
<status status="PASS" starttime="20210608 07:46:25.227" endtime="20210608 07:46:25.747"/>
</kw>
<kw name="Should Be Equal" library="BuiltIn">
<arg>${message}</arg>
<arg>Success!</arg>
<doc>Fails if the given objects are unequal.</doc>
<status status="PASS" starttime="20210608 07:46:25.748" endtime="20210608 07:46:25.748"/>
</kw>
<kw name="Close Browser" library="SeleniumLibrary" type="TEARDOWN">
<doc>Closes the current browser.</doc>
<status status="PASS" starttime="20210608 07:46:25.748" endtime="20210608 07:46:29.020"/>
</kw>
<status status="PASS" starttime="20210608 07:46:25.227" endtime="20210608 07:46:29.020"/>
</kw>
<status status="PASS" starttime="20210608 07:46:23.461" endtime="20210608 07:46:29.021"/>
</test>
<test id="s1-t2" name="Scenario 2">
<kw name="Given User is in Crate form page" library="resource">
<kw name="Open Browser" library="SeleniumLibrary">
<arg>${ADD_STUDENT_FORM_URL}</arg>
<arg>${BROWSER}</arg>
<doc>Opens a new browser instance to the optional ``url``.</doc>
<msg timestamp="20210608 07:46:29.024" level="INFO">Opening browser 'googlechrome' to base url 'https://localhost:44384/student/form'.</msg>
<status status="PASS" starttime="20210608 07:46:29.024" endtime="20210608 07:46:30.214"/>
</kw>
<kw name="Maximize Browser Window" library="SeleniumLibrary">
<doc>Maximizes current browser window.</doc>
<status status="PASS" starttime="20210608 07:46:30.214" endtime="20210608 07:46:30.332"/>
</kw>
<kw name="Create Form should be ready" library="resource">
<kw name="Element Should Contain" library="SeleniumLibrary">
<arg>tag:h1</arg>
<arg>Student</arg>
<doc>Verifies that element ``locator`` contains text ``expected``.</doc>
<msg timestamp="20210608 07:46:30.346" level="INFO">Element 'tag:h1' contains text 'Student'.</msg>
<status status="PASS" starttime="20210608 07:46:30.332" endtime="20210608 07:46:30.346"/>
</kw>
<status status="PASS" starttime="20210608 07:46:30.332" endtime="20210608 07:46:30.346"/>
</kw>
<status status="PASS" starttime="20210608 07:46:29.023" endtime="20210608 07:46:30.346"/>
</kw>
<kw name="When User fill the field &quot;name&quot; with &quot;Tessst&quot;" library="resource" sourcename="User fill the field &quot;${field_name}&quot; with &quot;${field_value}&quot;">
<kw name="Input Text" library="SeleniumLibrary">
<arg>${field_name}</arg>
<arg>${field_value}</arg>
<doc>Types the given ``text`` into the text field identified by ``locator``.</doc>
<msg timestamp="20210608 07:46:30.347" level="INFO">Typing text 'Tessst' into text field 'name'.</msg>
<status status="PASS" starttime="20210608 07:46:30.347" endtime="20210608 07:46:30.410"/>
</kw>
<status status="PASS" starttime="20210608 07:46:30.346" endtime="20210608 07:46:30.410"/>
</kw>
<kw name="And User fill the field &quot;registrationnumber&quot; with &quot;12222&quot;" library="resource" sourcename="User fill the field &quot;${field_name}&quot; with &quot;${field_value}&quot;">
<kw name="Input Text" library="SeleniumLibrary">
<arg>${field_name}</arg>
<arg>${field_value}</arg>
<doc>Types the given ``text`` into the text field identified by ``locator``.</doc>
<msg timestamp="20210608 07:46:30.411" level="INFO">Typing text '12222' into text field 'registrationnumber'.</msg>
<status status="PASS" starttime="20210608 07:46:30.411" endtime="20210608 07:46:30.467"/>
</kw>
<status status="PASS" starttime="20210608 07:46:30.410" endtime="20210608 07:46:30.468"/>
</kw>
<kw name="And User fill the field &quot;birthday&quot; with &quot;10/10/1992&quot;" library="resource" sourcename="User fill the field &quot;${field_name}&quot; with &quot;${field_value}&quot;">
<kw name="Input Text" library="SeleniumLibrary">
<arg>${field_name}</arg>
<arg>${field_value}</arg>
<doc>Types the given ``text`` into the text field identified by ``locator``.</doc>
<msg timestamp="20210608 07:46:30.469" level="INFO">Typing text '10/10/1992' into text field 'birthday'.</msg>
<status status="PASS" starttime="20210608 07:46:30.469" endtime="20210608 07:46:30.527"/>
</kw>
<status status="PASS" starttime="20210608 07:46:30.468" endtime="20210608 07:46:30.527"/>
</kw>
<kw name="And User click in Save" library="resource">
<kw name="Click Button" library="SeleniumLibrary">
<arg>Save</arg>
<doc>Clicks the button identified by ``locator``.</doc>
<msg timestamp="20210608 07:46:30.528" level="INFO">Clicking button 'Save'.</msg>
<status status="PASS" starttime="20210608 07:46:30.527" endtime="20210608 07:46:30.564"/>
</kw>
<status status="PASS" starttime="20210608 07:46:30.527" endtime="20210608 07:46:30.564"/>
</kw>
<kw name="Then App should redirect to list page" library="resource">
<kw name="Handle Alert" library="SeleniumLibrary">
<var>${message}</var>
<doc>Handles the current alert and returns its message.</doc>
<msg timestamp="20210608 07:46:30.565" level="INFO">HANDLE::&lt;class 'NoneType'&gt;::None</msg>
<msg timestamp="20210608 07:46:31.080" level="INFO">${message} = Success!</msg>
<status status="PASS" starttime="20210608 07:46:30.565" endtime="20210608 07:46:31.081"/>
</kw>
<kw name="Should Be Equal" library="BuiltIn">
<arg>${message}</arg>
<arg>Success!</arg>
<doc>Fails if the given objects are unequal.</doc>
<status status="PASS" starttime="20210608 07:46:31.081" endtime="20210608 07:46:31.081"/>
</kw>
<kw name="Close Browser" library="SeleniumLibrary" type="TEARDOWN">
<doc>Closes the current browser.</doc>
<status status="PASS" starttime="20210608 07:46:31.081" endtime="20210608 07:46:34.062"/>
</kw>
<status status="PASS" starttime="20210608 07:46:30.565" endtime="20210608 07:46:34.062"/>
</kw>
<status status="PASS" starttime="20210608 07:46:29.023" endtime="20210608 07:46:34.063"/>
</test>
<test id="s1-t3" name="Scenario 3">
<kw name="Given User is in Crate form page" library="resource">
<kw name="Open Browser" library="SeleniumLibrary">
<arg>${ADD_STUDENT_FORM_URL}</arg>
<arg>${BROWSER}</arg>
<doc>Opens a new browser instance to the optional ``url``.</doc>
<msg timestamp="20210608 07:46:34.064" level="INFO">Opening browser 'googlechrome' to base url 'https://localhost:44384/student/form'.</msg>
<status status="PASS" starttime="20210608 07:46:34.064" endtime="20210608 07:46:35.223"/>
</kw>
<kw name="Maximize Browser Window" library="SeleniumLibrary">
<doc>Maximizes current browser window.</doc>
<status status="PASS" starttime="20210608 07:46:35.223" endtime="20210608 07:46:35.341"/>
</kw>
<kw name="Create Form should be ready" library="resource">
<kw name="Element Should Contain" library="SeleniumLibrary">
<arg>tag:h1</arg>
<arg>Student</arg>
<doc>Verifies that element ``locator`` contains text ``expected``.</doc>
<msg timestamp="20210608 07:46:35.356" level="INFO">Element 'tag:h1' contains text 'Student'.</msg>
<status status="PASS" starttime="20210608 07:46:35.342" endtime="20210608 07:46:35.356"/>
</kw>
<status status="PASS" starttime="20210608 07:46:35.341" endtime="20210608 07:46:35.357"/>
</kw>
<status status="PASS" starttime="20210608 07:46:34.064" endtime="20210608 07:46:35.357"/>
</kw>
<kw name="When User fill the field &quot;name&quot; with &quot;Joao&quot;" library="resource" sourcename="User fill the field &quot;${field_name}&quot; with &quot;${field_value}&quot;">
<kw name="Input Text" library="SeleniumLibrary">
<arg>${field_name}</arg>
<arg>${field_value}</arg>
<doc>Types the given ``text`` into the text field identified by ``locator``.</doc>
<msg timestamp="20210608 07:46:35.358" level="INFO">Typing text 'Joao' into text field 'name'.</msg>
<status status="PASS" starttime="20210608 07:46:35.357" endtime="20210608 07:46:35.416"/>
</kw>
<status status="PASS" starttime="20210608 07:46:35.357" endtime="20210608 07:46:35.416"/>
</kw>
<kw name="And User fill the field &quot;registrationnumber&quot; with &quot;11111&quot;" library="resource" sourcename="User fill the field &quot;${field_name}&quot; with &quot;${field_value}&quot;">
<kw name="Input Text" library="SeleniumLibrary">
<arg>${field_name}</arg>
<arg>${field_value}</arg>
<doc>Types the given ``text`` into the text field identified by ``locator``.</doc>
<msg timestamp="20210608 07:46:35.417" level="INFO">Typing text '11111' into text field 'registrationnumber'.</msg>
<status status="PASS" starttime="20210608 07:46:35.417" endtime="20210608 07:46:35.471"/>
</kw>
<status status="PASS" starttime="20210608 07:46:35.416" endtime="20210608 07:46:35.471"/>
</kw>
<kw name="And User fill the field &quot;birthday&quot; with &quot;10/000/0010&quot;" library="resource" sourcename="User fill the field &quot;${field_name}&quot; with &quot;${field_value}&quot;">
<kw name="Input Text" library="SeleniumLibrary">
<arg>${field_name}</arg>
<arg>${field_value}</arg>
<doc>Types the given ``text`` into the text field identified by ``locator``.</doc>
<msg timestamp="20210608 07:46:35.472" level="INFO">Typing text '10/000/0010' into text field 'birthday'.</msg>
<status status="PASS" starttime="20210608 07:46:35.471" endtime="20210608 07:46:35.529"/>
</kw>
<status status="PASS" starttime="20210608 07:46:35.471" endtime="20210608 07:46:35.529"/>
</kw>
<kw name="And User click in Save" library="resource">
<kw name="Click Button" library="SeleniumLibrary">
<arg>Save</arg>
<doc>Clicks the button identified by ``locator``.</doc>
<msg timestamp="20210608 07:46:35.530" level="INFO">Clicking button 'Save'.</msg>
<status status="PASS" starttime="20210608 07:46:35.530" endtime="20210608 07:46:35.568"/>
</kw>
<status status="PASS" starttime="20210608 07:46:35.529" endtime="20210608 07:46:35.568"/>
</kw>
<kw name="App should stay in create page and show an error" library="resource">
<kw name="Handle Alert" library="SeleniumLibrary">
<var>${message}</var>
<doc>Handles the current alert and returns its message.</doc>
<msg timestamp="20210608 07:46:35.569" level="INFO">HANDLE::&lt;class 'NoneType'&gt;::None</msg>
<msg timestamp="20210608 07:46:36.086" level="INFO">${message} = Error saving data.</msg>
<status status="PASS" starttime="20210608 07:46:35.569" endtime="20210608 07:46:36.086"/>
</kw>
<kw name="Should Be Equal" library="BuiltIn">
<arg>${message}</arg>
<arg>Error saving data.</arg>
<doc>Fails if the given objects are unequal.</doc>
<status status="PASS" starttime="20210608 07:46:36.086" endtime="20210608 07:46:36.087"/>
</kw>
<kw name="Close Browser" library="SeleniumLibrary" type="TEARDOWN">
<doc>Closes the current browser.</doc>
<status status="PASS" starttime="20210608 07:46:36.087" endtime="20210608 07:46:39.014"/>
</kw>
<status status="PASS" starttime="20210608 07:46:35.568" endtime="20210608 07:46:39.014"/>
</kw>
<status status="PASS" starttime="20210608 07:46:34.064" endtime="20210608 07:46:39.014"/>
</test>
<test id="s1-t4" name="Scenario 4">
<kw name="Given User is in Crate form page" library="resource">
<kw name="Open Browser" library="SeleniumLibrary">
<arg>${ADD_STUDENT_FORM_URL}</arg>
<arg>${BROWSER}</arg>
<doc>Opens a new browser instance to the optional ``url``.</doc>
<msg timestamp="20210608 07:46:39.016" level="INFO">Opening browser 'googlechrome' to base url 'https://localhost:44384/student/form'.</msg>
<status status="PASS" starttime="20210608 07:46:39.016" endtime="20210608 07:46:40.173"/>
</kw>
<kw name="Maximize Browser Window" library="SeleniumLibrary">
<doc>Maximizes current browser window.</doc>
<status status="PASS" starttime="20210608 07:46:40.173" endtime="20210608 07:46:40.284"/>
</kw>
<kw name="Create Form should be ready" library="resource">
<kw name="Element Should Contain" library="SeleniumLibrary">
<arg>tag:h1</arg>
<arg>Student</arg>
<doc>Verifies that element ``locator`` contains text ``expected``.</doc>
<msg timestamp="20210608 07:46:40.300" level="INFO">Element 'tag:h1' contains text 'Student'.</msg>
<status status="PASS" starttime="20210608 07:46:40.284" endtime="20210608 07:46:40.300"/>
</kw>
<status status="PASS" starttime="20210608 07:46:40.284" endtime="20210608 07:46:40.300"/>
</kw>
<status status="PASS" starttime="20210608 07:46:39.016" endtime="20210608 07:46:40.300"/>
</kw>
<kw name="When User fill the field &quot;name&quot; with &quot;Alberto&quot;" library="resource" sourcename="User fill the field &quot;${field_name}&quot; with &quot;${field_value}&quot;">
<kw name="Input Text" library="SeleniumLibrary">
<arg>${field_name}</arg>
<arg>${field_value}</arg>
<doc>Types the given ``text`` into the text field identified by ``locator``.</doc>
<msg timestamp="20210608 07:46:40.301" level="INFO">Typing text 'Alberto' into text field 'name'.</msg>
<status status="PASS" starttime="20210608 07:46:40.301" endtime="20210608 07:46:40.366"/>
</kw>
<status status="PASS" starttime="20210608 07:46:40.301" endtime="20210608 07:46:40.366"/>
</kw>
<kw name="And User fill the field &quot;registrationnumber&quot; with &quot;233333&quot;" library="resource" sourcename="User fill the field &quot;${field_name}&quot; with &quot;${field_value}&quot;">
<kw name="Input Text" library="SeleniumLibrary">
<arg>${field_name}</arg>
<arg>${field_value}</arg>
<doc>Types the given ``text`` into the text field identified by ``locator``.</doc>
<msg timestamp="20210608 07:46:40.367" level="INFO">Typing text '233333' into text field 'registrationnumber'.</msg>
<status status="PASS" starttime="20210608 07:46:40.366" endtime="20210608 07:46:40.423"/>
</kw>
<status status="PASS" starttime="20210608 07:46:40.366" endtime="20210608 07:46:40.423"/>
</kw>
<kw name="And User fill the field &quot;birthday&quot; with &quot;10/10/1992&quot;" library="resource" sourcename="User fill the field &quot;${field_name}&quot; with &quot;${field_value}&quot;">
<kw name="Input Text" library="SeleniumLibrary">
<arg>${field_name}</arg>
<arg>${field_value}</arg>
<doc>Types the given ``text`` into the text field identified by ``locator``.</doc>
<msg timestamp="20210608 07:46:40.425" level="INFO">Typing text '10/10/1992' into text field 'birthday'.</msg>
<status status="PASS" starttime="20210608 07:46:40.424" endtime="20210608 07:46:40.484"/>
</kw>
<status status="PASS" starttime="20210608 07:46:40.424" endtime="20210608 07:46:40.484"/>
</kw>
<kw name="And User click in Save" library="resource">
<kw name="Click Button" library="SeleniumLibrary">
<arg>Save</arg>
<doc>Clicks the button identified by ``locator``.</doc>
<msg timestamp="20210608 07:46:40.485" level="INFO">Clicking button 'Save'.</msg>
<status status="PASS" starttime="20210608 07:46:40.485" endtime="20210608 07:46:40.522"/>
</kw>
<status status="PASS" starttime="20210608 07:46:40.484" endtime="20210608 07:46:40.522"/>
</kw>
<kw name="Then App should redirect to list page" library="resource">
<kw name="Handle Alert" library="SeleniumLibrary">
<var>${message}</var>
<doc>Handles the current alert and returns its message.</doc>
<msg timestamp="20210608 07:46:40.523" level="INFO">HANDLE::&lt;class 'NoneType'&gt;::None</msg>
<msg timestamp="20210608 07:46:41.038" level="INFO">${message} = Success!</msg>
<status status="PASS" starttime="20210608 07:46:40.522" endtime="20210608 07:46:41.038"/>
</kw>
<kw name="Should Be Equal" library="BuiltIn">
<arg>${message}</arg>
<arg>Success!</arg>
<doc>Fails if the given objects are unequal.</doc>
<status status="PASS" starttime="20210608 07:46:41.038" endtime="20210608 07:46:41.038"/>
</kw>
<kw name="Close Browser" library="SeleniumLibrary" type="TEARDOWN">
<doc>Closes the current browser.</doc>
<status status="PASS" starttime="20210608 07:46:41.038" endtime="20210608 07:46:43.970"/>
</kw>
<status status="PASS" starttime="20210608 07:46:40.522" endtime="20210608 07:46:43.970"/>
</kw>
<status status="PASS" starttime="20210608 07:46:39.015" endtime="20210608 07:46:43.970"/>
</test>
<test id="s1-t5" name="Scenario 5">
<kw name="Given User is in Crate form page" library="resource">
<kw name="Open Browser" library="SeleniumLibrary">
<arg>${ADD_STUDENT_FORM_URL}</arg>
<arg>${BROWSER}</arg>
<doc>Opens a new browser instance to the optional ``url``.</doc>
<msg timestamp="20210608 07:46:43.973" level="INFO">Opening browser 'googlechrome' to base url 'https://localhost:44384/student/form'.</msg>
<status status="PASS" starttime="20210608 07:46:43.973" endtime="20210608 07:46:45.156"/>
</kw>
<kw name="Maximize Browser Window" library="SeleniumLibrary">
<doc>Maximizes current browser window.</doc>
<status status="PASS" starttime="20210608 07:46:45.156" endtime="20210608 07:46:45.270"/>
</kw>
<kw name="Create Form should be ready" library="resource">
<kw name="Element Should Contain" library="SeleniumLibrary">
<arg>tag:h1</arg>
<arg>Student</arg>
<doc>Verifies that element ``locator`` contains text ``expected``.</doc>
<msg timestamp="20210608 07:46:45.285" level="INFO">Element 'tag:h1' contains text 'Student'.</msg>
<status status="PASS" starttime="20210608 07:46:45.270" endtime="20210608 07:46:45.285"/>
</kw>
<status status="PASS" starttime="20210608 07:46:45.270" endtime="20210608 07:46:45.285"/>
</kw>
<status status="PASS" starttime="20210608 07:46:43.972" endtime="20210608 07:46:45.286"/>
</kw>
<kw name="When User fill the field &quot;name&quot; with &quot;Joao&quot;" library="resource" sourcename="User fill the field &quot;${field_name}&quot; with &quot;${field_value}&quot;">
<kw name="Input Text" library="SeleniumLibrary">
<arg>${field_name}</arg>
<arg>${field_value}</arg>
<doc>Types the given ``text`` into the text field identified by ``locator``.</doc>
<msg timestamp="20210608 07:46:45.286" level="INFO">Typing text 'Joao' into text field 'name'.</msg>
<status status="PASS" starttime="20210608 07:46:45.286" endtime="20210608 07:46:45.345"/>
</kw>
<status status="PASS" starttime="20210608 07:46:45.286" endtime="20210608 07:46:45.346"/>
</kw>
<kw name="And User fill the field &quot;registrationnumber&quot; with &quot;2342&quot;" library="resource" sourcename="User fill the field &quot;${field_name}&quot; with &quot;${field_value}&quot;">
<kw name="Input Text" library="SeleniumLibrary">
<arg>${field_name}</arg>
<arg>${field_value}</arg>
<doc>Types the given ``text`` into the text field identified by ``locator``.</doc>
<msg timestamp="20210608 07:46:45.347" level="INFO">Typing text '2342' into text field 'registrationnumber'.</msg>
<status status="PASS" starttime="20210608 07:46:45.346" endtime="20210608 07:46:45.403"/>
</kw>
<status status="PASS" starttime="20210608 07:46:45.346" endtime="20210608 07:46:45.403"/>
</kw>
<kw name="And User fill the field &quot;birthday&quot; with &quot;10/01/001&quot;" library="resource" sourcename="User fill the field &quot;${field_name}&quot; with &quot;${field_value}&quot;">
<kw name="Input Text" library="SeleniumLibrary">
<arg>${field_name}</arg>
<arg>${field_value}</arg>
<doc>Types the given ``text`` into the text field identified by ``locator``.</doc>
<msg timestamp="20210608 07:46:45.404" level="INFO">Typing text '10/01/001' into text field 'birthday'.</msg>
<status status="PASS" starttime="20210608 07:46:45.404" endtime="20210608 07:46:45.460"/>
</kw>
<status status="PASS" starttime="20210608 07:46:45.404" endtime="20210608 07:46:45.461"/>
</kw>
<kw name="And User click in Save" library="resource">
<kw name="Click Button" library="SeleniumLibrary">
<arg>Save</arg>
<doc>Clicks the button identified by ``locator``.</doc>
<msg timestamp="20210608 07:46:45.461" level="INFO">Clicking button 'Save'.</msg>
<status status="PASS" starttime="20210608 07:46:45.461" endtime="20210608 07:46:45.499"/>
</kw>
<status status="PASS" starttime="20210608 07:46:45.461" endtime="20210608 07:46:45.499"/>
</kw>
<kw name="App should stay in create page and show an error" library="resource">
<kw name="Handle Alert" library="SeleniumLibrary">
<var>${message}</var>
<doc>Handles the current alert and returns its message.</doc>
<msg timestamp="20210608 07:46:45.500" level="INFO">HANDLE::&lt;class 'NoneType'&gt;::None</msg>
<msg timestamp="20210608 07:46:46.010" level="INFO">${message} = Error saving data.</msg>
<status status="PASS" starttime="20210608 07:46:45.500" endtime="20210608 07:46:46.010"/>
</kw>
<kw name="Should Be Equal" library="BuiltIn">
<arg>${message}</arg>
<arg>Error saving data.</arg>
<doc>Fails if the given objects are unequal.</doc>
<status status="PASS" starttime="20210608 07:46:46.010" endtime="20210608 07:46:46.011"/>
</kw>
<kw name="Close Browser" library="SeleniumLibrary" type="TEARDOWN">
<doc>Closes the current browser.</doc>
<status status="PASS" starttime="20210608 07:46:46.011" endtime="20210608 07:46:48.985"/>
</kw>
<status status="PASS" starttime="20210608 07:46:45.500" endtime="20210608 07:46:48.986"/>
</kw>
<status status="PASS" starttime="20210608 07:46:43.972" endtime="20210608 07:46:48.987"/>
</test>
<status status="PASS" starttime="20210608 07:46:23.222" endtime="20210608 07:46:48.992"/>
</suite>
<statistics>
<total>
<stat pass="5" fail="0" skip="0">All Tests</stat>
</total>
<tag>
</tag>
<suite>
<stat pass="5" fail="0" skip="0" id="s1" name="Create Student Form">Create Student Form</stat>
</suite>
</statistics>
<errors>
</errors>
</robot>
